<?xml version="1.0" encoding="UTF-8"?>
<!-- Generated by org.testng.reporters.JUnitXMLReporter -->
<testsuite ignored="0" hostname="GS-5823" failures="0" tests="4" name="Default test" time="11.886" errors="0" timestamp="2023-04-29T12:01:39 IST">
  <testcase classname="smtech.test.LoginPageTest" name="PasswordFieldErrorValidationTest" time="0.348"/>
  <testcase classname="smtech.test.LoginPageTest" name="EmailFieldErrorValidationTest" time="0.445"/>
  <testcase classname="smtech.test.LoginPageTest" name="InvalidLoginValidationTest" time="0.648"/>
  <testcase classname="smtech.test.LoginPageTest" name="LoginTest" time="0.554"/>
</testsuite> <!-- Default test -->
