<?xml version="1.0" encoding="UTF-8"?>
<!-- Generated by org.testng.reporters.JUnitXMLReporter -->
<testsuite ignored="3" hostname="GS-5823" failures="0" tests="1" name="Default test" time="8.47" errors="0" timestamp="2023-05-03T12:46:04 IST">
  <testcase classname="smtech.test.LoginPageTest" name="InvalidLoginValidationTest" time="1.278"/>
  <testcase classname="smtech.test.LoginPageTest" name="PasswordFieldErrorValidationTest" time="0.0">
    <ignored/>
  </testcase> <!-- PasswordFieldErrorValidationTest -->
  <testcase classname="smtech.test.LoginPageTest" name="LoginTest" time="0.0">
    <ignored/>
  </testcase> <!-- LoginTest -->
  <testcase classname="smtech.test.LoginPageTest" name="EmailFieldErrorValidationTest" time="0.0">
    <ignored/>
  </testcase> <!-- EmailFieldErrorValidationTest -->
</testsuite> <!-- Default test -->
