<?xml version="1.0" encoding="UTF-8"?>
<!-- Generated by org.testng.reporters.JUnitXMLReporter -->
<testsuite ignored="0" hostname="GS-5823" failures="0" tests="4" name="Login" time="28.722" errors="0" timestamp="2023-05-02T17:03:33 IST">
  <testcase classname="smtech.test.LoginPageTest" name="PasswordFieldErrorValidationTest" time="0.424"/>
  <testcase classname="smtech.test.LoginPageTest" name="EmailFieldErrorValidationTest" time="0.406"/>
  <testcase classname="smtech.test.LoginPageTest" name="InvalidLoginValidationTest" time="0.831"/>
  <testcase classname="smtech.test.LoginPageTest" name="LoginTest" time="0.588"/>
</testsuite> <!-- Login -->
