<?xml version="1.0" encoding="UTF-8"?>
<!-- Generated by org.testng.reporters.JUnitXMLReporter -->
<testsuite ignored="0" hostname="GS-5823" failures="0" tests="4" name="Login" time="31.401" errors="0" timestamp="2023-05-02T11:57:43 IST">
  <testcase classname="smtech.test.LoginPageTest" name="PasswordFieldErrorValidationTest" time="0.357"/>
  <testcase classname="smtech.test.LoginPageTest" name="EmailFieldErrorValidationTest" time="0.425"/>
  <testcase classname="smtech.test.LoginPageTest" name="InvalidLoginValidationTest" time="0.638"/>
  <testcase classname="smtech.test.LoginPageTest" name="LoginTest" time="0.574"/>
</testsuite> <!-- Login -->
