<?xml version="1.0" encoding="UTF-8"?>
<!-- Generated by org.testng.reporters.JUnitXMLReporter -->
<testsuite ignored="0" hostname="GS-5823" failures="0" tests="4" name="LoginModule" time="36.67" errors="0" timestamp="2023-04-29T12:24:20 IST">
  <testcase classname="smtech.test.LoginPageTest" name="PasswordFieldErrorValidationTest" time="0.403"/>
  <testcase classname="smtech.test.LoginPageTest" name="EmailFieldErrorValidationTest" time="0.57"/>
  <testcase classname="smtech.test.LoginPageTest" name="InvalidLoginValidationTest" time="0.815"/>
  <testcase classname="smtech.test.LoginPageTest" name="LoginTest" time="0.752"/>
</testsuite> <!-- LoginModule -->
