<?xml version="1.0" encoding="UTF-8"?>
<testng-results ignored="0" total="4" passed="3" failed="1" skipped="0">
  <reporter-output>
  </reporter-output>
  <suite started-at="2023-05-03T12:30:58 IST" name="Suite" finished-at="2023-05-03T12:31:23 IST" duration-ms="24443">
    <groups>
    </groups>
    <test started-at="2023-05-03T12:30:58 IST" name="Login" finished-at="2023-05-03T12:31:23 IST" duration-ms="24443">
      <class name="smtech.test.LoginPageTest">
        <test-method is-config="true" signature="LunchApp()[pri:0, instance:smtech.test.LoginPageTest@4b29d1d2]" started-at="2023-05-03T12:30:58 IST" name="LunchApp" finished-at="2023-05-03T12:31:04 IST" duration-ms="6009" status="PASS">
          <reporter-output>
          </reporter-output>
        </test-method> <!-- LunchApp -->
        <test-method signature="PasswordFieldErrorValidationTest()[pri:1, instance:smtech.test.LoginPageTest@4b29d1d2]" started-at="2023-05-03T12:31:04 IST" name="PasswordFieldErrorValidationTest" finished-at="2023-05-03T12:31:04 IST" duration-ms="231" status="PASS">
          <reporter-output>
          </reporter-output>
        </test-method> <!-- PasswordFieldErrorValidationTest -->
        <test-method is-config="true" signature="tearDown()[pri:0, instance:smtech.test.LoginPageTest@4b29d1d2]" started-at="2023-05-03T12:31:04 IST" name="tearDown" finished-at="2023-05-03T12:31:05 IST" duration-ms="570" status="PASS">
          <reporter-output>
          </reporter-output>
        </test-method> <!-- tearDown -->
        <test-method is-config="true" signature="LunchApp()[pri:0, instance:smtech.test.LoginPageTest@4b29d1d2]" started-at="2023-05-03T12:31:05 IST" name="LunchApp" finished-at="2023-05-03T12:31:09 IST" duration-ms="4316" status="PASS">
          <reporter-output>
          </reporter-output>
        </test-method> <!-- LunchApp -->
        <test-method signature="EmailFieldErrorValidationTest()[pri:2, instance:smtech.test.LoginPageTest@4b29d1d2]" started-at="2023-05-03T12:31:09 IST" name="EmailFieldErrorValidationTest" finished-at="2023-05-03T12:31:10 IST" duration-ms="303" status="PASS">
          <reporter-output>
          </reporter-output>
        </test-method> <!-- EmailFieldErrorValidationTest -->
        <test-method is-config="true" signature="tearDown()[pri:0, instance:smtech.test.LoginPageTest@4b29d1d2]" started-at="2023-05-03T12:31:10 IST" name="tearDown" finished-at="2023-05-03T12:31:10 IST" duration-ms="520" status="PASS">
          <reporter-output>
          </reporter-output>
        </test-method> <!-- tearDown -->
        <test-method is-config="true" signature="LunchApp()[pri:0, instance:smtech.test.LoginPageTest@4b29d1d2]" started-at="2023-05-03T12:31:10 IST" name="LunchApp" finished-at="2023-05-03T12:31:15 IST" duration-ms="4572" status="PASS">
          <reporter-output>
          </reporter-output>
        </test-method> <!-- LunchApp -->
        <test-method signature="InvalidLoginValidationTest()[pri:3, instance:smtech.test.LoginPageTest@4b29d1d2]" started-at="2023-05-03T12:31:15 IST" name="InvalidLoginValidationTest" finished-at="2023-05-03T12:31:15 IST" duration-ms="334" status="FAIL">
          <exception class="java.lang.NullPointerException">
            <message>
              <![CDATA[Cannot invoke "org.openqa.selenium.support.ui.WebDriverWait.until(java.util.function.Function)" because "this.wait" is null]]>
            </message>
            <full-stacktrace>
              <![CDATA[java.lang.NullPointerException: Cannot invoke "org.openqa.selenium.support.ui.WebDriverWait.until(java.util.function.Function)" because "this.wait" is null
at smtech.utility.Utility.FindEleVisibilityOf(Utility.java:24)
at smtech.PageObjects.LoginPageObj.InvalidLoginValidation(LoginPageObj.java:70)
at smtech.test.LoginPageTest.InvalidLoginValidationTest(LoginPageTest.java:25)
at java.base/jdk.internal.reflect.NativeMethodAccessorImpl.invoke0(Native Method)
at java.base/jdk.internal.reflect.NativeMethodAccessorImpl.invoke(NativeMethodAccessorImpl.java:78)
at java.base/jdk.internal.reflect.DelegatingMethodAccessorImpl.invoke(DelegatingMethodAccessorImpl.java:43)
at java.base/java.lang.reflect.Method.invoke(Method.java:567)
at org.testng.internal.invokers.MethodInvocationHelper.invokeMethod(MethodInvocationHelper.java:139)
at org.testng.internal.invokers.TestInvoker.invokeMethod(TestInvoker.java:677)
at org.testng.internal.invokers.TestInvoker.invokeTestMethod(TestInvoker.java:221)
at org.testng.internal.invokers.MethodRunner.runInSequence(MethodRunner.java:50)
at org.testng.internal.invokers.TestInvoker$MethodInvocationAgent.invoke(TestInvoker.java:969)
at org.testng.internal.invokers.TestInvoker.invokeTestMethods(TestInvoker.java:194)
at org.testng.internal.invokers.TestMethodWorker.invokeTestMethods(TestMethodWorker.java:148)
at org.testng.internal.invokers.TestMethodWorker.run(TestMethodWorker.java:128)
at java.base/java.util.ArrayList.forEach(ArrayList.java:1511)
at org.testng.TestRunner.privateRun(TestRunner.java:829)
at org.testng.TestRunner.run(TestRunner.java:602)
at org.testng.SuiteRunner.runTest(SuiteRunner.java:437)
at org.testng.SuiteRunner.runSequentially(SuiteRunner.java:431)
at org.testng.SuiteRunner.privateRun(SuiteRunner.java:391)
at org.testng.SuiteRunner.run(SuiteRunner.java:330)
at org.testng.SuiteRunnerWorker.runSuite(SuiteRunnerWorker.java:52)
at org.testng.SuiteRunnerWorker.run(SuiteRunnerWorker.java:95)
at org.testng.TestNG.runSuitesSequentially(TestNG.java:1256)
at org.testng.TestNG.runSuitesLocally(TestNG.java:1176)
at org.testng.TestNG.runSuites(TestNG.java:1099)
at org.testng.TestNG.run(TestNG.java:1067)
at org.apache.maven.surefire.testng.TestNGExecutor.run(TestNGExecutor.java:308)
at org.apache.maven.surefire.testng.TestNGXmlTestSuite.execute(TestNGXmlTestSuite.java:71)
at org.apache.maven.surefire.testng.TestNGProvider.invoke(TestNGProvider.java:113)
at org.apache.maven.surefire.booter.ForkedBooter.runSuitesInProcess(ForkedBooter.java:385)
at org.apache.maven.surefire.booter.ForkedBooter.execute(ForkedBooter.java:162)
at org.apache.maven.surefire.booter.ForkedBooter.run(ForkedBooter.java:507)
at org.apache.maven.surefire.booter.ForkedBooter.main(ForkedBooter.java:495)
]]>
            </full-stacktrace>
          </exception> <!-- java.lang.NullPointerException -->
          <reporter-output>
          </reporter-output>
        </test-method> <!-- InvalidLoginValidationTest -->
        <test-method is-config="true" signature="tearDown()[pri:0, instance:smtech.test.LoginPageTest@4b29d1d2]" started-at="2023-05-03T12:31:16 IST" name="tearDown" finished-at="2023-05-03T12:31:16 IST" duration-ms="579" status="PASS">
          <reporter-output>
          </reporter-output>
        </test-method> <!-- tearDown -->
        <test-method is-config="true" signature="LunchApp()[pri:0, instance:smtech.test.LoginPageTest@4b29d1d2]" started-at="2023-05-03T12:31:16 IST" name="LunchApp" finished-at="2023-05-03T12:31:22 IST" duration-ms="5237" status="PASS">
          <reporter-output>
          </reporter-output>
        </test-method> <!-- LunchApp -->
        <test-method signature="LoginTest()[pri:4, instance:smtech.test.LoginPageTest@4b29d1d2]" started-at="2023-05-03T12:31:22 IST" name="LoginTest" finished-at="2023-05-03T12:31:22 IST" duration-ms="410" status="PASS">
          <reporter-output>
          </reporter-output>
        </test-method> <!-- LoginTest -->
        <test-method is-config="true" signature="tearDown()[pri:0, instance:smtech.test.LoginPageTest@4b29d1d2]" started-at="2023-05-03T12:31:22 IST" name="tearDown" finished-at="2023-05-03T12:31:23 IST" duration-ms="681" status="PASS">
          <reporter-output>
          </reporter-output>
        </test-method> <!-- tearDown -->
      </class> <!-- smtech.test.LoginPageTest -->
    </test> <!-- Login -->
  </suite> <!-- Suite -->
</testng-results>
