<?xml version="1.0" encoding="UTF-8"?>
<testng-results ignored="3" total="4" passed="1" failed="0" skipped="0">
  <reporter-output>
  </reporter-output>
  <suite started-at="2023-05-03T12:45:56 IST" name="Default suite" finished-at="2023-05-03T12:46:04 IST" duration-ms="8470">
    <groups>
    </groups>
    <test started-at="2023-05-03T12:45:56 IST" name="Default test" finished-at="2023-05-03T12:46:04 IST" duration-ms="8470">
      <class name="smtech.test.LoginPageTest">
        <test-method is-config="true" signature="LunchApp()[pri:0, instance:smtech.test.LoginPageTest@57cf54e1]" started-at="2023-05-03T12:45:56 IST" name="LunchApp" finished-at="2023-05-03T12:46:02 IST" duration-ms="5855" status="PASS">
          <reporter-output>
          </reporter-output>
        </test-method> <!-- LunchApp -->
        <test-method signature="InvalidLoginValidationTest()[pri:3, instance:smtech.test.LoginPageTest@57cf54e1]" started-at="2023-05-03T12:46:02 IST" name="InvalidLoginValidationTest" finished-at="2023-05-03T12:46:03 IST" duration-ms="1278" status="PASS">
          <reporter-output>
          </reporter-output>
        </test-method> <!-- InvalidLoginValidationTest -->
        <test-method is-config="true" signature="tearDown()[pri:0, instance:smtech.test.LoginPageTest@57cf54e1]" started-at="2023-05-03T12:46:03 IST" name="tearDown" finished-at="2023-05-03T12:46:04 IST" duration-ms="1289" status="PASS">
          <reporter-output>
          </reporter-output>
        </test-method> <!-- tearDown -->
      </class> <!-- smtech.test.LoginPageTest -->
    </test> <!-- Default test -->
  </suite> <!-- Default suite -->
</testng-results>
